<?xml version="1.0" encoding="UTF-8"?>
<testng-results ignored="0" total="1" passed="1" failed="0" skipped="0">
  <reporter-output>
  </reporter-output>
  <suite started-at="2022-10-20T16:09:09 IST" name="Suite" finished-at="2022-10-20T16:09:09 IST" duration-ms="52">
    <groups>
    </groups>
    <test started-at="2022-10-20T16:09:09 IST" name="Test" finished-at="2022-10-20T16:09:09 IST" duration-ms="52">
      <class name="com.mytests.getMethodName">
        <test-method is-config="true" signature="getAPP(org.testng.ITestContext)[pri:0, instance:com.mytests.getMethodName@662b4c69]" started-at="2022-10-20T16:09:09 IST" name="getAPP" finished-at="2022-10-20T16:09:09 IST" duration-ms="10" status="PASS">
          <params>
            <param index="0">
              <value>
                <![CDATA[org.testng.TestRunner@72cc7e6f]]>
              </value>
            </param>
          </params>
          <reporter-output>
          </reporter-output>
        </test-method> <!-- getAPP -->
        <test-method is-config="true" signature="init(java.lang.reflect.Method)[pri:0, instance:com.mytests.getMethodName@662b4c69]" started-at="2022-10-20T16:09:09 IST" name="init" finished-at="2022-10-20T16:09:09 IST" duration-ms="0" status="PASS">
          <params>
            <param index="0">
              <value>
                <![CDATA[public void com.mytests.getMethodName.myOwnTest(org.testng.ITestContext)]]>
              </value>
            </param>
          </params>
          <reporter-output>
          </reporter-output>
        </test-method> <!-- init -->
        <test-method signature="myOwnTest(org.testng.ITestContext)[pri:0, instance:com.mytests.getMethodName@662b4c69]" started-at="2022-10-20T16:09:09 IST" name="myOwnTest" finished-at="2022-10-20T16:09:09 IST" duration-ms="6" status="PASS">
          <params>
            <param index="0">
              <value>
                <![CDATA[org.testng.TestRunner@72cc7e6f]]>
              </value>
            </param>
          </params>
          <reporter-output>
          </reporter-output>
        </test-method> <!-- myOwnTest -->
      </class> <!-- com.mytests.getMethodName -->
    </test> <!-- Test -->
  </suite> <!-- Suite -->
</testng-results>
